

Wed Nov 22 02:42:24 WAT 2023
Entered URL
++++++++++++++++++++++++++++++++++++++++++++++++++
https://github.com/Fawazabdganiyu/AirBnB_clone_v2/blob/main/tests/test_console.py
++++++++++++++++++++++++++++++++++++++++++++++++++
================================================
https://github.com/Fawazabdganiyu/AirBnB_clone_v2/blob/main/tests/test_console.py...
Filename from repo test_console.py
test_console.py
Local filename test_console.py
Traceback (most recent call last):
  File "/home/shegz/.git_file/.py_get", line 289, in <module>
    main(args)
  File "/home/shegz/.git_file/.py_get", line 284, in main
    abstract_handler_M(new_args)
  File "/home/shegz/.git_file/.py_get", line 279, in abstract_handler_M
    get_args(arg)
  File "/home/shegz/.git_file/.py_get", line 223, in get_args
    git_file(path, isTrunc, filename)
  File "/home/shegz/.git_file/.py_get", line 167, in git_file
    file_lines = curl(path)
  File "/home/shegz/.git_file/.py_get", line 143, in curl
    my_response = is_github_file(path)
  File "/home/shegz/.git_file/.py_get", line 47, in is_github_file
    url_validate(path)
  File "/home/shegz/.git_file/.py_get", line 28, in url_validate
    my_response = requests.get(path)
  File "/usr/local/lib/python3.10/dist-packages/requests/api.py", line 73, in get
    return request("get", url, params=params, **kwargs)
  File "/usr/local/lib/python3.10/dist-packages/requests/api.py", line 59, in request
    return session.request(method=method, url=url, **kwargs)
  File "/usr/local/lib/python3.10/dist-packages/requests/sessions.py", line 589, in request
    resp = self.send(prep, **send_kwargs)
  File "/usr/local/lib/python3.10/dist-packages/requests/sessions.py", line 703, in send
    r = adapter.send(request, **kwargs)
  File "/usr/local/lib/python3.10/dist-packages/requests/adapters.py", line 486, in send
    resp = conn.urlopen(
  File "/usr/local/lib/python3.10/dist-packages/urllib3/connectionpool.py", line 790, in urlopen
    response = self._make_request(
  File "/usr/local/lib/python3.10/dist-packages/urllib3/connectionpool.py", line 467, in _make_request
    self._validate_conn(conn)
  File "/usr/local/lib/python3.10/dist-packages/urllib3/connectionpool.py", line 1092, in _validate_conn
    conn.connect()
  File "/usr/local/lib/python3.10/dist-packages/urllib3/connection.py", line 635, in connect
    sock_and_verified = _ssl_wrap_socket_and_match_hostname(
  File "/usr/local/lib/python3.10/dist-packages/urllib3/connection.py", line 774, in _ssl_wrap_socket_and_match_hostname
    ssl_sock = ssl_wrap_socket(
  File "/usr/local/lib/python3.10/dist-packages/urllib3/util/ssl_.py", line 459, in ssl_wrap_socket
    ssl_sock = _ssl_wrap_socket_impl(sock, context, tls_in_tls, server_hostname)
  File "/usr/local/lib/python3.10/dist-packages/urllib3/util/ssl_.py", line 503, in _ssl_wrap_socket_impl
    return ssl_context.wrap_socket(sock, server_hostname=server_hostname)
  File "/usr/lib/python3.10/ssl.py", line 513, in wrap_socket
    return self.sslsocket_class._create(
  File "/usr/lib/python3.10/ssl.py", line 1071, in _create
    self.do_handshake()
  File "/usr/lib/python3.10/ssl.py", line 1342, in do_handshake
    self._sslobj.do_handshake()
KeyboardInterrupt


Wed Nov 22 02:42:40 WAT 2023
Entered URL
++++++++++++++++++++++++++++++++++++++++++++++++++
https://github.com/Fawazabdganiyu/AirBnB_clone_v2/blob/main/tests/test_console.py
++++++++++++++++++++++++++++++++++++++++++++++++++
================================================
https://github.com/Fawazabdganiyu/AirBnB_clone_v2/blob/main/tests/test_console.py...
Filename from repo test_console.py
test_console.py
Local filename test_console2.py
================================================


